Using pre-set license

 COMMAND LINE ARGUMENTS:
/Applications/Unity/Hub/Editor/2020.3.11f1/Unity.app/Contents/MacOS/Unity
-adb2
-batchMode
-noUpm
-name
AssetImportWorker1
-projectPath
/Users/jflannery/Documents/UnityProjects/MiniBowlf
-logFile
Logs/AssetImportWorker1.log
-srvPort
57075
Successfully changed project path to: /Users/jflannery/Documents/UnityProjects/MiniBowlf
/Users/jflannery/Documents/UnityProjects/MiniBowlf
Using Asset Import Pipeline V2.
Refreshing native plugins compatible for Editor in 41.27 ms, found 2 plugins.
Preloading 0 native plugins for Editor in 0.00 ms.
Initialize engine version: 2020.3.11f1 (99c7afb366b3)
[Subsystems] Discovering subsystems at path /Applications/Unity/Hub/Editor/2020.3.11f1/Unity.app/Contents/Resources/UnitySubsystems
[Subsystems] Discovering subsystems at path /Users/jflannery/Documents/UnityProjects/MiniBowlf/Assets
GfxDevice: creating device client; threaded=0
2021-06-17 17:09:23.548 Unity[57370:2259423] Color LCD preferred device: NVIDIA GeForce GT 750M (high power)
2021-06-17 17:09:23.548 Unity[57370:2259423] Metal devices available: 2
2021-06-17 17:09:23.548 Unity[57370:2259423] 0: NVIDIA GeForce GT 750M (high power)
2021-06-17 17:09:23.548 Unity[57370:2259423] 1: Intel Iris Pro Graphics (low power)
2021-06-17 17:09:23.550 Unity[57370:2259423] Using device NVIDIA GeForce GT 750M (high power)
Initializing Metal device caps: NVIDIA GeForce GT 750M
Initialize mono
Mono path[0] = '/Applications/Unity/Hub/Editor/2020.3.11f1/Unity.app/Contents/Managed'
Mono path[1] = '/Applications/Unity/Hub/Editor/2020.3.11f1/Unity.app/Contents/MonoBleedingEdge/lib/mono/unityjit'
Mono config path = '/Applications/Unity/Hub/Editor/2020.3.11f1/Unity.app/Contents/MonoBleedingEdge/etc'
Using monoOptions --debugger-agent=transport=dt_socket,embedding=1,server=y,suspend=n,address=127.0.0.1:56370
Begin MonoManager ReloadAssembly
Registering precompiled unity dll's ...
Register platform support module: /Applications/Unity/Hub/Editor/2020.3.11f1/PlaybackEngines/WebGLSupport/UnityEditor.WebGL.Extensions.dll
Register platform support module: /Applications/Unity/Hub/Editor/2020.3.11f1/Unity.app/Contents/PlaybackEngines/MacStandaloneSupport/UnityEditor.OSXStandalone.Extensions.dll
Registered in 0.000816 seconds.
Native extension for OSXStandalone target not found
Native extension for WebGL target not found
Refreshing native plugins compatible for Editor in 42.33 ms, found 2 plugins.
Preloading 0 native plugins for Editor in 0.00 ms.
Mono: successfully reloaded assembly
- Completed reload, in  5.146 seconds
Platform modules already initialized, skipping
Registering precompiled user dll's ...
Registered in 0.003289 seconds.
Begin MonoManager ReloadAssembly
Native extension for OSXStandalone target not found
Native extension for WebGL target not found
Refreshing native plugins compatible for Editor in 0.44 ms, found 2 plugins.
Preloading 0 native plugins for Editor in 0.00 ms.
Mono: successfully reloaded assembly
- Completed reload, in  1.594 seconds
Platform modules already initialized, skipping
========================================================================
Worker process is ready to serve import requests
Launching external process: /Applications/Unity/Hub/Editor/2020.3.11f1/Unity.app/Contents/Tools/UnityShaderCompiler
Launched and connected shader compiler UnityShaderCompiler after 0.02 seconds
Refreshing native plugins compatible for Editor in 0.42 ms, found 2 plugins.
Preloading 0 native plugins for Editor in 0.00 ms.
Unloading 1759 Unused Serialized files (Serialized files now loaded: 0)
System memory in use before: 161.1 MB.
System memory in use after: 161.1 MB.

Unloading 79 unused Assets to reduce memory usage. Loaded Objects now: 2186.
Total: 3.439871 ms (FindLiveObjects: 0.314108 ms CreateObjectMapping: 0.168148 ms MarkObjects: 2.781196 ms  DeleteObjects: 0.175079 ms)

========================================================================
Received Prepare
Registering precompiled user dll's ...
Registered in 0.001743 seconds.
Begin MonoManager ReloadAssembly
Native extension for OSXStandalone target not found
Native extension for WebGL target not found
Refreshing native plugins compatible for Editor in 0.40 ms, found 2 plugins.
Preloading 0 native plugins for Editor in 0.00 ms.
Warning: Annotation not found!
UnityEngine.StackTraceUtility:ExtractStackTrace () (at /Users/bokken/buildslave/unity/build/Runtime/Export/Scripting/StackTrace.cs:37)
UnityEditor.ProBuilder.EditorUtility:SetGizmoIconEnabled (System.Type,bool) (at Library/PackageCache/com.unity.probuilder@4.5.0/Editor/EditorCore/EditorUtility.cs:593)
UnityEditor.ProBuilder.HierarchyListener:.cctor () (at Library/PackageCache/com.unity.probuilder@4.5.0/Editor/EditorCore/HierarchyListener.cs:21)
System.Runtime.CompilerServices.RuntimeHelpers:RunClassConstructor (System.RuntimeTypeHandle)
UnityEditor.EditorAssemblies:ProcessInitializeOnLoadAttributes (System.Type[]) (at /Users/bokken/buildslave/unity/build/Editor/Mono/EditorAssemblies.cs:114)

[/Users/bokken/buildslave/unity/build/Runtime/Export/Scripting/StackTrace.cs line 37]

Mono: successfully reloaded assembly
- Completed reload, in  1.406 seconds
Platform modules already initialized, skipping
Refreshing native plugins compatible for Editor in 0.40 ms, found 2 plugins.
Preloading 0 native plugins for Editor in 0.00 ms.
Unloading 1726 Unused Serialized files (Serialized files now loaded: 0)
System memory in use before: 158.9 MB.
System memory in use after: 159.0 MB.

Unloading 16 unused Assets to reduce memory usage. Loaded Objects now: 2189.
Total: 3.613624 ms (FindLiveObjects: 0.310023 ms CreateObjectMapping: 0.113376 ms MarkObjects: 3.089873 ms  DeleteObjects: 0.098965 ms)

========================================================================
Received Prepare
Registering precompiled user dll's ...
Registered in 0.001954 seconds.
Begin MonoManager ReloadAssembly
Native extension for OSXStandalone target not found
Native extension for WebGL target not found
Refreshing native plugins compatible for Editor in 0.39 ms, found 2 plugins.
Preloading 0 native plugins for Editor in 0.00 ms.
Warning: Annotation not found!
UnityEngine.StackTraceUtility:ExtractStackTrace () (at /Users/bokken/buildslave/unity/build/Runtime/Export/Scripting/StackTrace.cs:37)
UnityEditor.ProBuilder.EditorUtility:SetGizmoIconEnabled (System.Type,bool) (at Library/PackageCache/com.unity.probuilder@4.5.0/Editor/EditorCore/EditorUtility.cs:593)
UnityEditor.ProBuilder.HierarchyListener:.cctor () (at Library/PackageCache/com.unity.probuilder@4.5.0/Editor/EditorCore/HierarchyListener.cs:21)
System.Runtime.CompilerServices.RuntimeHelpers:RunClassConstructor (System.RuntimeTypeHandle)
UnityEditor.EditorAssemblies:ProcessInitializeOnLoadAttributes (System.Type[]) (at /Users/bokken/buildslave/unity/build/Editor/Mono/EditorAssemblies.cs:114)

[/Users/bokken/buildslave/unity/build/Runtime/Export/Scripting/StackTrace.cs line 37]

Mono: successfully reloaded assembly
- Completed reload, in  1.447 seconds
Platform modules already initialized, skipping
Refreshing native plugins compatible for Editor in 0.43 ms, found 2 plugins.
Preloading 0 native plugins for Editor in 0.00 ms.
Unloading 1726 Unused Serialized files (Serialized files now loaded: 0)
System memory in use before: 159.2 MB.
System memory in use after: 159.2 MB.

Unloading 16 unused Assets to reduce memory usage. Loaded Objects now: 2192.
Total: 3.706817 ms (FindLiveObjects: 0.279530 ms CreateObjectMapping: 0.131612 ms MarkObjects: 3.193834 ms  DeleteObjects: 0.100758 ms)

========================================================================
Received Prepare
Registering precompiled user dll's ...
Registered in 0.001758 seconds.
Begin MonoManager ReloadAssembly
Native extension for OSXStandalone target not found
Native extension for WebGL target not found
Refreshing native plugins compatible for Editor in 0.43 ms, found 2 plugins.
Preloading 0 native plugins for Editor in 0.00 ms.
Warning: Annotation not found!
UnityEngine.StackTraceUtility:ExtractStackTrace () (at /Users/bokken/buildslave/unity/build/Runtime/Export/Scripting/StackTrace.cs:37)
UnityEditor.ProBuilder.EditorUtility:SetGizmoIconEnabled (System.Type,bool) (at Library/PackageCache/com.unity.probuilder@4.5.0/Editor/EditorCore/EditorUtility.cs:593)
UnityEditor.ProBuilder.HierarchyListener:.cctor () (at Library/PackageCache/com.unity.probuilder@4.5.0/Editor/EditorCore/HierarchyListener.cs:21)
System.Runtime.CompilerServices.RuntimeHelpers:RunClassConstructor (System.RuntimeTypeHandle)
UnityEditor.EditorAssemblies:ProcessInitializeOnLoadAttributes (System.Type[]) (at /Users/bokken/buildslave/unity/build/Editor/Mono/EditorAssemblies.cs:114)

[/Users/bokken/buildslave/unity/build/Runtime/Export/Scripting/StackTrace.cs line 37]

Mono: successfully reloaded assembly
- Completed reload, in  1.396 seconds
Platform modules already initialized, skipping
Refreshing native plugins compatible for Editor in 0.49 ms, found 2 plugins.
Preloading 0 native plugins for Editor in 0.00 ms.
Unloading 1726 Unused Serialized files (Serialized files now loaded: 0)
System memory in use before: 159.4 MB.
System memory in use after: 159.5 MB.

Unloading 16 unused Assets to reduce memory usage. Loaded Objects now: 2195.
Total: 3.049650 ms (FindLiveObjects: 0.245140 ms CreateObjectMapping: 0.136322 ms MarkObjects: 2.585981 ms  DeleteObjects: 0.081170 ms)

========================================================================
Received Prepare
Registering precompiled user dll's ...
Registered in 0.002109 seconds.
Begin MonoManager ReloadAssembly
Native extension for OSXStandalone target not found
Native extension for WebGL target not found
Refreshing native plugins compatible for Editor in 0.41 ms, found 2 plugins.
Preloading 0 native plugins for Editor in 0.00 ms.
Warning: Annotation not found!
UnityEngine.StackTraceUtility:ExtractStackTrace () (at /Users/bokken/buildslave/unity/build/Runtime/Export/Scripting/StackTrace.cs:37)
UnityEditor.ProBuilder.EditorUtility:SetGizmoIconEnabled (System.Type,bool) (at Library/PackageCache/com.unity.probuilder@4.5.0/Editor/EditorCore/EditorUtility.cs:593)
UnityEditor.ProBuilder.HierarchyListener:.cctor () (at Library/PackageCache/com.unity.probuilder@4.5.0/Editor/EditorCore/HierarchyListener.cs:21)
System.Runtime.CompilerServices.RuntimeHelpers:RunClassConstructor (System.RuntimeTypeHandle)
UnityEditor.EditorAssemblies:ProcessInitializeOnLoadAttributes (System.Type[]) (at /Users/bokken/buildslave/unity/build/Editor/Mono/EditorAssemblies.cs:114)

[/Users/bokken/buildslave/unity/build/Runtime/Export/Scripting/StackTrace.cs line 37]

Mono: successfully reloaded assembly
- Completed reload, in  1.411 seconds
Platform modules already initialized, skipping
Refreshing native plugins compatible for Editor in 0.69 ms, found 2 plugins.
Preloading 0 native plugins for Editor in 0.00 ms.
Unloading 1726 Unused Serialized files (Serialized files now loaded: 0)
System memory in use before: 159.6 MB.
System memory in use after: 159.6 MB.

Unloading 16 unused Assets to reduce memory usage. Loaded Objects now: 2198.
Total: 5.046721 ms (FindLiveObjects: 0.492680 ms CreateObjectMapping: 0.220062 ms MarkObjects: 4.228298 ms  DeleteObjects: 0.104453 ms)

========================================================================
Received Prepare
Registering precompiled user dll's ...
Registered in 0.002212 seconds.
Begin MonoManager ReloadAssembly
Native extension for OSXStandalone target not found
Native extension for WebGL target not found
Refreshing native plugins compatible for Editor in 0.42 ms, found 2 plugins.
Preloading 0 native plugins for Editor in 0.00 ms.
Warning: Annotation not found!
UnityEngine.StackTraceUtility:ExtractStackTrace () (at /Users/bokken/buildslave/unity/build/Runtime/Export/Scripting/StackTrace.cs:37)
UnityEditor.ProBuilder.EditorUtility:SetGizmoIconEnabled (System.Type,bool) (at Library/PackageCache/com.unity.probuilder@4.5.0/Editor/EditorCore/EditorUtility.cs:593)
UnityEditor.ProBuilder.HierarchyListener:.cctor () (at Library/PackageCache/com.unity.probuilder@4.5.0/Editor/EditorCore/HierarchyListener.cs:21)
System.Runtime.CompilerServices.RuntimeHelpers:RunClassConstructor (System.RuntimeTypeHandle)
UnityEditor.EditorAssemblies:ProcessInitializeOnLoadAttributes (System.Type[]) (at /Users/bokken/buildslave/unity/build/Editor/Mono/EditorAssemblies.cs:114)

[/Users/bokken/buildslave/unity/build/Runtime/Export/Scripting/StackTrace.cs line 37]

Mono: successfully reloaded assembly
- Completed reload, in  1.436 seconds
Platform modules already initialized, skipping
Refreshing native plugins compatible for Editor in 0.40 ms, found 2 plugins.
Preloading 0 native plugins for Editor in 0.00 ms.
Unloading 1726 Unused Serialized files (Serialized files now loaded: 0)
System memory in use before: 159.8 MB.
System memory in use after: 159.8 MB.

Unloading 16 unused Assets to reduce memory usage. Loaded Objects now: 2201.
Total: 3.419738 ms (FindLiveObjects: 0.295966 ms CreateObjectMapping: 0.140981 ms MarkObjects: 2.895253 ms  DeleteObjects: 0.086321 ms)

========================================================================
Received Prepare
Registering precompiled user dll's ...
Registered in 0.001772 seconds.
Begin MonoManager ReloadAssembly
Native extension for OSXStandalone target not found
Native extension for WebGL target not found
Refreshing native plugins compatible for Editor in 0.44 ms, found 2 plugins.
Preloading 0 native plugins for Editor in 0.00 ms.
Warning: Annotation not found!
UnityEngine.StackTraceUtility:ExtractStackTrace () (at /Users/bokken/buildslave/unity/build/Runtime/Export/Scripting/StackTrace.cs:37)
UnityEditor.ProBuilder.EditorUtility:SetGizmoIconEnabled (System.Type,bool) (at Library/PackageCache/com.unity.probuilder@4.5.0/Editor/EditorCore/EditorUtility.cs:593)
UnityEditor.ProBuilder.HierarchyListener:.cctor () (at Library/PackageCache/com.unity.probuilder@4.5.0/Editor/EditorCore/HierarchyListener.cs:21)
System.Runtime.CompilerServices.RuntimeHelpers:RunClassConstructor (System.RuntimeTypeHandle)
UnityEditor.EditorAssemblies:ProcessInitializeOnLoadAttributes (System.Type[]) (at /Users/bokken/buildslave/unity/build/Editor/Mono/EditorAssemblies.cs:114)

[/Users/bokken/buildslave/unity/build/Runtime/Export/Scripting/StackTrace.cs line 37]

Mono: successfully reloaded assembly
- Completed reload, in  1.481 seconds
Platform modules already initialized, skipping
Refreshing native plugins compatible for Editor in 0.47 ms, found 2 plugins.
Preloading 0 native plugins for Editor in 0.00 ms.
Unloading 1726 Unused Serialized files (Serialized files now loaded: 0)
System memory in use before: 160.0 MB.
System memory in use after: 160.0 MB.

Unloading 16 unused Assets to reduce memory usage. Loaded Objects now: 2204.
Total: 3.140953 ms (FindLiveObjects: 0.314059 ms CreateObjectMapping: 0.108614 ms MarkObjects: 2.639830 ms  DeleteObjects: 0.077441 ms)

========================================================================
Received Prepare
Registering precompiled user dll's ...
Registered in 0.001786 seconds.
Begin MonoManager ReloadAssembly
Native extension for OSXStandalone target not found
Native extension for WebGL target not found
Refreshing native plugins compatible for Editor in 0.41 ms, found 2 plugins.
Preloading 0 native plugins for Editor in 0.00 ms.
Warning: Annotation not found!
UnityEngine.StackTraceUtility:ExtractStackTrace () (at /Users/bokken/buildslave/unity/build/Runtime/Export/Scripting/StackTrace.cs:37)
UnityEditor.ProBuilder.EditorUtility:SetGizmoIconEnabled (System.Type,bool) (at Library/PackageCache/com.unity.probuilder@4.5.0/Editor/EditorCore/EditorUtility.cs:593)
UnityEditor.ProBuilder.HierarchyListener:.cctor () (at Library/PackageCache/com.unity.probuilder@4.5.0/Editor/EditorCore/HierarchyListener.cs:21)
System.Runtime.CompilerServices.RuntimeHelpers:RunClassConstructor (System.RuntimeTypeHandle)
UnityEditor.EditorAssemblies:ProcessInitializeOnLoadAttributes (System.Type[]) (at /Users/bokken/buildslave/unity/build/Editor/Mono/EditorAssemblies.cs:114)

[/Users/bokken/buildslave/unity/build/Runtime/Export/Scripting/StackTrace.cs line 37]

Mono: successfully reloaded assembly
- Completed reload, in  1.399 seconds
Platform modules already initialized, skipping
Refreshing native plugins compatible for Editor in 0.42 ms, found 2 plugins.
Preloading 0 native plugins for Editor in 0.00 ms.
Unloading 1726 Unused Serialized files (Serialized files now loaded: 0)
System memory in use before: 160.2 MB.
System memory in use after: 160.2 MB.

Unloading 16 unused Assets to reduce memory usage. Loaded Objects now: 2207.
Total: 2.937909 ms (FindLiveObjects: 0.268757 ms CreateObjectMapping: 0.066394 ms MarkObjects: 2.523908 ms  DeleteObjects: 0.077909 ms)

========================================================================
Received Prepare
Registering precompiled user dll's ...
Registered in 0.001717 seconds.
Begin MonoManager ReloadAssembly
Native extension for OSXStandalone target not found
Native extension for WebGL target not found
Refreshing native plugins compatible for Editor in 0.43 ms, found 2 plugins.
Preloading 0 native plugins for Editor in 0.00 ms.
Warning: Annotation not found!
UnityEngine.StackTraceUtility:ExtractStackTrace () (at /Users/bokken/buildslave/unity/build/Runtime/Export/Scripting/StackTrace.cs:37)
UnityEditor.ProBuilder.EditorUtility:SetGizmoIconEnabled (System.Type,bool) (at Library/PackageCache/com.unity.probuilder@4.5.0/Editor/EditorCore/EditorUtility.cs:593)
UnityEditor.ProBuilder.HierarchyListener:.cctor () (at Library/PackageCache/com.unity.probuilder@4.5.0/Editor/EditorCore/HierarchyListener.cs:21)
System.Runtime.CompilerServices.RuntimeHelpers:RunClassConstructor (System.RuntimeTypeHandle)
UnityEditor.EditorAssemblies:ProcessInitializeOnLoadAttributes (System.Type[]) (at /Users/bokken/buildslave/unity/build/Editor/Mono/EditorAssemblies.cs:114)

[/Users/bokken/buildslave/unity/build/Runtime/Export/Scripting/StackTrace.cs line 37]

Mono: successfully reloaded assembly
- Completed reload, in  1.422 seconds
Platform modules already initialized, skipping
Refreshing native plugins compatible for Editor in 0.40 ms, found 2 plugins.
Preloading 0 native plugins for Editor in 0.00 ms.
Unloading 1726 Unused Serialized files (Serialized files now loaded: 0)
System memory in use before: 160.3 MB.
System memory in use after: 160.4 MB.

Unloading 16 unused Assets to reduce memory usage. Loaded Objects now: 2210.
Total: 2.601853 ms (FindLiveObjects: 0.202808 ms CreateObjectMapping: 0.070949 ms MarkObjects: 2.246480 ms  DeleteObjects: 0.080511 ms)

========================================================================
Received Prepare
Registering precompiled user dll's ...
Registered in 0.002018 seconds.
Begin MonoManager ReloadAssembly
Native extension for OSXStandalone target not found
Native extension for WebGL target not found
Refreshing native plugins compatible for Editor in 0.40 ms, found 2 plugins.
Preloading 0 native plugins for Editor in 0.00 ms.
Warning: Annotation not found!
UnityEngine.StackTraceUtility:ExtractStackTrace () (at /Users/bokken/buildslave/unity/build/Runtime/Export/Scripting/StackTrace.cs:37)
UnityEditor.ProBuilder.EditorUtility:SetGizmoIconEnabled (System.Type,bool) (at Library/PackageCache/com.unity.probuilder@4.5.0/Editor/EditorCore/EditorUtility.cs:593)
UnityEditor.ProBuilder.HierarchyListener:.cctor () (at Library/PackageCache/com.unity.probuilder@4.5.0/Editor/EditorCore/HierarchyListener.cs:21)
System.Runtime.CompilerServices.RuntimeHelpers:RunClassConstructor (System.RuntimeTypeHandle)
UnityEditor.EditorAssemblies:ProcessInitializeOnLoadAttributes (System.Type[]) (at /Users/bokken/buildslave/unity/build/Editor/Mono/EditorAssemblies.cs:114)

[/Users/bokken/buildslave/unity/build/Runtime/Export/Scripting/StackTrace.cs line 37]

Mono: successfully reloaded assembly
- Completed reload, in  1.413 seconds
Platform modules already initialized, skipping
Refreshing native plugins compatible for Editor in 0.40 ms, found 2 plugins.
Preloading 0 native plugins for Editor in 0.00 ms.
Unloading 1726 Unused Serialized files (Serialized files now loaded: 0)
System memory in use before: 160.6 MB.
System memory in use after: 160.6 MB.

Unloading 16 unused Assets to reduce memory usage. Loaded Objects now: 2213.
Total: 3.054559 ms (FindLiveObjects: 0.235746 ms CreateObjectMapping: 0.127154 ms MarkObjects: 2.614254 ms  DeleteObjects: 0.076549 ms)

========================================================================
Received Prepare
Registering precompiled user dll's ...
Registered in 0.002073 seconds.
Begin MonoManager ReloadAssembly
Native extension for OSXStandalone target not found
Native extension for WebGL target not found
Refreshing native plugins compatible for Editor in 0.49 ms, found 2 plugins.
Preloading 0 native plugins for Editor in 0.00 ms.
Warning: Annotation not found!
UnityEngine.StackTraceUtility:ExtractStackTrace () (at /Users/bokken/buildslave/unity/build/Runtime/Export/Scripting/StackTrace.cs:37)
UnityEditor.ProBuilder.EditorUtility:SetGizmoIconEnabled (System.Type,bool) (at Library/PackageCache/com.unity.probuilder@4.5.0/Editor/EditorCore/EditorUtility.cs:593)
UnityEditor.ProBuilder.HierarchyListener:.cctor () (at Library/PackageCache/com.unity.probuilder@4.5.0/Editor/EditorCore/HierarchyListener.cs:21)
System.Runtime.CompilerServices.RuntimeHelpers:RunClassConstructor (System.RuntimeTypeHandle)
UnityEditor.EditorAssemblies:ProcessInitializeOnLoadAttributes (System.Type[]) (at /Users/bokken/buildslave/unity/build/Editor/Mono/EditorAssemblies.cs:114)

[/Users/bokken/buildslave/unity/build/Runtime/Export/Scripting/StackTrace.cs line 37]

Mono: successfully reloaded assembly
- Completed reload, in  1.434 seconds
Platform modules already initialized, skipping
Refreshing native plugins compatible for Editor in 0.43 ms, found 2 plugins.
Preloading 0 native plugins for Editor in 0.00 ms.
Unloading 1726 Unused Serialized files (Serialized files now loaded: 0)
System memory in use before: 160.7 MB.
System memory in use after: 160.8 MB.

Unloading 16 unused Assets to reduce memory usage. Loaded Objects now: 2216.
Total: 2.556059 ms (FindLiveObjects: 0.198281 ms CreateObjectMapping: 0.065344 ms MarkObjects: 2.210725 ms  DeleteObjects: 0.080768 ms)

AssetImportWorkerClient::OnTransportError - code=2 error=End of file
